<?xml version="1.0" encoding="UTF-8" ?>
<testsuite tests="12" failures="0" name="com.sorting.TestingHeapSort" time="0.148" errors="0" skipped="0">
  <properties>
[...]
</properties>
  <testcase classname="com.sorting.TestingHeapSort" name="testHeapSortingSourceUnsortedArrayWith1000Elements" time="0.041"/>
  <testcase classname="com.sorting.TestingHeapSort" name="testHeapSortingSourceAscendingArrayWith1000Elements" time="0.009"/>
  <testcase classname="com.sorting.TestingHeapSort" name="testHeapSortingSourceAscendingArrayWith10000Elements" time="0.032"/>
  <testcase classname="com.sorting.TestingHeapSort" name="testHeapSortingSourceDescendingArrayWith100Elements" time="0.002"/>
  <testcase classname="com.sorting.TestingHeapSort" name="testHeapSortingSourceDescendingArrayWith1000Elements" time="0.007"/>
  <testcase classname="com.sorting.TestingHeapSort" name="testHeapSortingSourceDescendingArrayWith10000Elements" time="0.025"/>
  <testcase classname="com.sorting.TestingHeapSort" name="testHeapSortingSourceUnsortedArrayWith10000Elements" time="0.024"/>
  <testcase classname="com.sorting.TestingHeapSort" name="testHeapSortingSourceUnsortedArrayWith100Elements" time="0.002"/>
  <testcase classname="com.sorting.TestingHeapSort" name="testHeapSortingSourceDescendingArrayWith10Elements" time="0.002"/>
  <testcase classname="com.sorting.TestingHeapSort" name="testHeapSortingSourceUnsortedArrayWith10Elements" time="0.002"/>
  <testcase classname="com.sorting.TestingHeapSort" name="testHeapSortingSourceAscendingArrayWith100Elements" time="0.001"/>
  <testcase classname="com.sorting.TestingHeapSort" name="testHeapSortingSourceAscendingArrayWith10Elements" time="0.001"/>
</testsuite>